12:27:26.419 INFO [GridLauncherV3.launch] - Selenium build info: version: '3.14.0', revision: 'aacccce0'
12:27:26.423 INFO [GridLauncherV3$1.launch] - Launching a standalone Selenium Server on port 4445
2019-01-15 12:27:26.587:INFO::main: Logging initialized @485ms to org.seleniumhq.jetty9.util.log.StdErrLog
12:27:26.806 INFO [SeleniumServer.boot] - Selenium Server is up and running on port 4445
12:27:27.191 INFO [ActiveSessionFactory.apply] - Capabilities are: {
  "acceptSslCerts": true,
  "browserName": "chrome",
  "javascriptEnabled": true,
  "name": "Area Management"
}
12:27:27.193 INFO [ActiveSessionFactory.lambda$apply$11] - Matched factory org.openqa.selenium.remote.server.ServicedSession$Factory (provider: org.openqa.selenium.chrome.ChromeDriverService)
Starting ChromeDriver 2.44.609545 (c2f88692e98ce7233d2df7c724465ecacfe74df5) on port 17167
Only local connections are allowed.
12:27:28.932 INFO [ProtocolHandshake.createSession] - Detected dialect: OSS
12:27:29.383 INFO [RemoteSession$Factory.lambda$performHandshake$0] - Started new session 7019b470b32f4f71652533a7fbffe3ec (org.openqa.selenium.chrome.ChromeDriverService)
12:27:58.975 INFO [ActiveSessions$1.onStop] - Removing session 7019b470b32f4f71652533a7fbffe3ec (org.openqa.selenium.chrome.ChromeDriverService)
12:27:59.013 INFO [ActiveSessionFactory.apply] - Capabilities are: {
  "acceptSslCerts": true,
  "browserName": "chrome",
  "javascriptEnabled": true,
  "name": "Configure Pins"
}
12:27:59.014 INFO [ActiveSessionFactory.lambda$apply$11] - Matched factory org.openqa.selenium.remote.server.ServicedSession$Factory (provider: org.openqa.selenium.chrome.ChromeDriverService)
Starting ChromeDriver 2.44.609545 (c2f88692e98ce7233d2df7c724465ecacfe74df5) on port 36282
Only local connections are allowed.
12:28:00.607 INFO [ProtocolHandshake.createSession] - Detected dialect: OSS
12:28:00.684 INFO [RemoteSession$Factory.lambda$performHandshake$0] - Started new session 1e3f883284aad64eab2187d6764b3766 (org.openqa.selenium.chrome.ChromeDriverService)
12:28:18.368 INFO [ActiveSessions$1.onStop] - Removing session 1e3f883284aad64eab2187d6764b3766 (org.openqa.selenium.chrome.ChromeDriverService)
